[16:37:08] [main/INFO]: Environment: authHost='https://authserver.mojang.com', accountsHost='https://api.mojang.com', sessionHost='https://sessionserver.mojang.com', name='PROD'
[16:37:08] [main/WARN]: Ambiguity between arguments [teleport, destination] and [teleport, targets] with inputs: [Player, 0123, @e, dd12be42-52a9-4a91-a8a1-11c01849e498]
[16:37:08] [main/WARN]: Ambiguity between arguments [teleport, location] and [teleport, destination] with inputs: [0.1 -0.5 .9, 0 0 0]
[16:37:08] [main/WARN]: Ambiguity between arguments [teleport, location] and [teleport, targets] with inputs: [0.1 -0.5 .9, 0 0 0]
[16:37:08] [main/WARN]: Ambiguity between arguments [teleport, targets] and [teleport, destination] with inputs: [Player, 0123, dd12be42-52a9-4a91-a8a1-11c01849e498]
[16:37:08] [main/WARN]: Ambiguity between arguments [teleport, targets, location] and [teleport, targets, destination] with inputs: [0.1 -0.5 .9, 0 0 0]
[16:37:08] [main/INFO]: Reloading ResourceManager: Default
[16:37:09] [Worker-Main-13/INFO]: Loaded 7 recipes
[16:37:09] [Worker-Main-13/INFO]: Loaded 927 advancements
[16:37:10] [Server thread/INFO]: Starting minecraft server version 1.16.1
[16:37:10] [Server thread/INFO]: Loading properties
[16:37:10] [Server thread/INFO]: Default game type: SURVIVAL
[16:37:10] [Server thread/INFO]: Generating keypair
[16:37:10] [Server thread/INFO]: Starting Minecraft server on *:25565
[16:37:10] [Server thread/INFO]: Using default channel type
[16:37:10] [Server thread/WARN]: **** SERVER IS RUNNING IN OFFLINE/INSECURE MODE!
[16:37:10] [Server thread/WARN]: The server will make no attempt to authenticate usernames. Beware.
[16:37:10] [Server thread/WARN]: While this makes the game possible to play without internet access, it also opens up the ability for hackers to connect with any username they choose.
[16:37:10] [Server thread/WARN]: To change this, set "online-mode" to "true" in the server.properties file.
[16:37:10] [Server thread/INFO]: Preparing level "world"
[16:37:10] [Server thread/INFO]: Preparing start region for dimension minecraft:overworld
[16:37:11] [Server thread/INFO]: Preparing spawn area: 0%
[16:37:11] [Server thread/INFO]: Preparing spawn area: 0%
[16:37:11] [Server thread/INFO]: Preparing spawn area: 44%
[16:37:14] [Worker-Main-13/INFO]: Preparing spawn area: 83%
[16:37:14] [Worker-Main-11/INFO]: Preparing spawn area: 83%
[16:37:14] [Worker-Main-13/INFO]: Preparing spawn area: 83%
[16:37:14] [Worker-Main-11/INFO]: Preparing spawn area: 83%
[16:37:14] [Worker-Main-13/INFO]: Preparing spawn area: 83%
[16:37:14] [Worker-Main-12/INFO]: Preparing spawn area: 91%
[16:37:15] [Worker-Main-14/INFO]: Preparing spawn area: 92%
[16:37:15] [Worker-Main-14/INFO]: Preparing spawn area: 94%
[16:37:15] [Server thread/INFO]: Time elapsed: 5222 ms
[16:37:15] [Server thread/INFO]: Done (5.288s)! For help, type "help"
[16:37:22] [Server thread/INFO]: Capitolium[/192.168.0.100:62449] logged in with entity id 182 at (-123.51176362433874, 66.0, 122.06026914865724)
[16:37:22] [Server thread/INFO]: Capitolium joined the game
[16:37:26] [Server thread/INFO]: Capitolium lost connection: Disconnected
[16:37:26] [Server thread/INFO]: Capitolium left the game
